c:\users\yuexi\desktop\testharnessproject\supportlibrary\logger\debug\logger.pdb
c:\users\yuexi\desktop\testharnessproject\supportlibrary\logger\debug\logger.idb
c:\users\yuexi\desktop\testharnessproject\supportlibrary\logger\debug\singletonloggerfactory.obj
c:\users\yuexi\desktop\testharnessproject\supportlibrary\logger\debug\singletonlogger.obj
c:\users\yuexi\desktop\testharnessproject\supportlibrary\logger\debug\logger.obj
c:\users\yuexi\desktop\testharnessproject\supportlibrary\logger\debug\datetime.obj
c:\users\tori\source\repos\testharnessproject - working-ver-2\supportlibrary\logger\debug\logger.pdb
c:\users\tori\source\repos\testharnessproject - working-ver-2\supportlibrary\logger\debug\logger.idb
c:\users\tori\source\repos\testharnessproject - working-ver-2\supportlibrary\logger\debug\singletonloggerfactory.obj
c:\users\tori\source\repos\testharnessproject - working-ver-2\supportlibrary\logger\debug\singletonlogger.obj
c:\users\tori\source\repos\testharnessproject - working-ver-2\supportlibrary\logger\debug\logger.obj
c:\users\tori\source\repos\testharnessproject - working-ver-2\supportlibrary\logger\debug\datetime.obj
c:\users\yuexi\desktop\testharnessproject\debug\logger.lib
c:\users\tori\source\repos\testharnessproject - working-ver-2\debug\logger.lib
c:\users\tori\source\repos\ood-project\supportlibrary\logger\debug\datetime.obj
c:\users\tori\source\repos\ood-project\supportlibrary\logger\debug\logger.obj
c:\users\tori\source\repos\ood-project\supportlibrary\logger\debug\singletonlogger.obj
c:\users\tori\source\repos\ood-project\supportlibrary\logger\debug\singletonloggerfactory.obj
c:\users\tori\source\repos\ood-project\supportlibrary\logger\debug\logger.idb
c:\users\tori\source\repos\ood-project\supportlibrary\logger\debug\logger.pdb
c:\users\tori\source\repos\ood-project\debug\logger.pdb
c:\users\tori\source\repos\ood-project\debug\logger.lib
c:\users\tori\source\repos\ood-project\supportlibrary\logger\debug\logger.tlog\cl.command.1.tlog
c:\users\tori\source\repos\ood-project\supportlibrary\logger\debug\logger.tlog\cl.read.1.tlog
c:\users\tori\source\repos\ood-project\supportlibrary\logger\debug\logger.tlog\cl.write.1.tlog
c:\users\tori\source\repos\ood-project\supportlibrary\logger\debug\logger.tlog\lib-link.read.1.tlog
c:\users\tori\source\repos\ood-project\supportlibrary\logger\debug\logger.tlog\lib-link.write.1.tlog
c:\users\tori\source\repos\ood-project\supportlibrary\logger\debug\logger.tlog\lib.command.1.tlog
