c:\users\yuexi\desktop\testharnessproject\supportlibrary\translater\debug\vc142.pdb
c:\users\yuexi\desktop\testharnessproject\supportlibrary\translater\debug\translater.obj
c:\users\yuexi\desktop\testharnessproject\supportlibrary\translater\debug\.netframework,version=v4.0.assemblyattributes.obj
c:\users\yuexi\desktop\testharnessproject\supportlibrary\translater\debug\.netframework,version=v4.0.assemblyattributes.asm
c:\users\tori\source\repos\testharnessproject - working-ver-2\supportlibrary\translater\debug\vc142.pdb
c:\users\tori\source\repos\testharnessproject - working-ver-2\supportlibrary\translater\debug\.netframework,version=v4.0.assemblyattributes.obj
c:\users\tori\source\repos\testharnessproject - working-ver-2\supportlibrary\translater\debug\translater.obj
c:\users\yuexi\desktop\testharnessproject\debug\translater.dll
c:\users\yuexi\desktop\testharnessproject\debug\translater.pdb
c:\users\tori\source\repos\testharnessproject - working-ver-2\debug\translater.dll
c:\users\tori\source\repos\testharnessproject - working-ver-2\debug\translater.pdb
c:\users\tori\source\repos\ood-project\supportlibrary\translater\debug\translater.vcxprojassemblyreference.cache
c:\users\tori\source\repos\ood-project\supportlibrary\translater\debug\.netframework,version=v4.0.assemblyattributes.obj
c:\users\tori\source\repos\ood-project\supportlibrary\translater\debug\translater.obj
c:\users\tori\source\repos\ood-project\supportlibrary\translater\debug\vc142.pdb
c:\users\tori\source\repos\ood-project\debug\translater.pdb
c:\users\tori\source\repos\ood-project\debug\translater.dll
c:\users\tori\source\repos\ood-project\supportlibrary\translater\debug\translater.tlog\cl.command.1.tlog
c:\users\tori\source\repos\ood-project\supportlibrary\translater\debug\translater.tlog\cl.read.1.tlog
c:\users\tori\source\repos\ood-project\supportlibrary\translater\debug\translater.tlog\cl.write.1.tlog
c:\users\tori\source\repos\ood-project\supportlibrary\translater\debug\translater.tlog\link.command.1.tlog
c:\users\tori\source\repos\ood-project\supportlibrary\translater\debug\translater.tlog\link.read.1.tlog
c:\users\tori\source\repos\ood-project\supportlibrary\translater\debug\translater.tlog\link.write.1.tlog
c:\users\tori\source\repos\ood-project\supportlibrary\translater\debug\translater.tlog\metagen.read.1.tlog
c:\users\tori\source\repos\ood-project\supportlibrary\translater\debug\translater.tlog\metagen.write.1.tlog
